/** -------------------------------------------------
 ** Algorithm:   Tilde
 ** Output type: out
 ** Date:        4/19/2024 18:28:23
 ** ACE version: 1.2.20
 ** Hardware:    67dade7dcba9 : x86_64 running Linux
 ** -------------------------------------------------
 ** Settings:
 **
 ** Common ** 
 *  heuristic : gainratio (default) 
 *  tilde_mode : classify (default) 
 *  intra_literal_sharing : yes (default) 
 *  query_batch_size : 50000 
 *  single_query_generation : no (default) 
 *  inst_generation_prob : 1.0 (default) 
 *  rmode_inst_generation_prob : 1.0 (default) 
 *  query_sample_probability : 1.0 (default) 
 *  query_sample_algo : smart (default) 
 *  aggregate_refiners : no (default) 
 *  aggregate_recursion : no (default) 
 *  aggregate_maxconjuncts : 2 (default) 
 *  aggregate_lookahead : no (default) 
 *  aggregate_refinement : no (default) 
 *  example_cache : 102400 (default) 
 *  select_root_models : on (default) 
 *  write_predictions : [testing,distribution] 
 *  compatibility : ace1.1 (default) 
 *  max_query_len : inf (default) 
 *  log_pid : off (default) 
 *  nsplit_unsorted_fractions : 0 (default) 
 *  nsplit_sorting : basic (default) 
 *  nsplit_version : basic (default) 
 *  nsplit_talking : off (default) 
 *  discretize : entropy (default) 
 *  transform_queries : once (default) 
 *  output_dir : default (default) 
 *  bg_file : default (default) 
 *  kb_file : default (default) 
 *  randomise : none (default) 
 *  report_timings : off (default) 
 *  default_prefix : off (default) 
 *  default_min : 1 (default) 
 *  default_preprocessing : off (default) 
 *  mi_distance_maxsample : 100 (default) 
 *  language_warnings : on (default) 
 *  expert_implicit_language : off (default) 
 *  granularity : 10 (default) 
 *  leave_out : false (default) 
 *  classes : [pos,neg] 
 *  use_packs : ilp (default) 
 *  outerloop : queries (default) 
 *  talking : 3 (default) 
 *  load : key (default) 
 ** Tilde ** 
 *  combining_rules_EMiters : 10 (default) 
 *  combining_rules_EMruns : 5 (default) 
 *  combining_rules : off (default) 
 *  write_ensemble_models : [] (default) 
 *  tilde_maxdepth : inf (default) 
 *  exhaustive_lookahead : 1 
 *  query_length_bias : short (default) 
 *  special_min : 0.0 (default) 
 *  out_of_bag : no (default) 
 *  roulette_wheel_selection : no (default) 
 *  tilde_rst_optimization : no (default) 
 *  repeat_exec_time : 1 (default) 
 *  combination_rule : [product,sum] 
 *  show_averages : 1 (default) 
 *  classify_mode : 0 (default) 
 *  complexity_penalty : 1.0 (default) 
 *  precompute : [] (default) 
 *  resume : off (default) 
 *  m_estimate : none (default) 
 *  output_options : [c45,c45c,c45e,lp,prolog] 
 *  prune_rules : false (default) 
 *  confidence_level : 0.25 (default) 
 *  random_test_set : 0 (default) 
 *  random_validation_set : 0 (default) 
 *  stopping_criterion : mincases (default) 
 *  pruning : c45 (default) 
 *  discretization : none (default) 
 *  multiscore_2 : off (default) 
 *  multiscore : off (default) 
 *  sampling_strategy : fixed(1000) (default) 
 *  max_querytime : 100 (default) 
 *  accuracy : 1.0 (default) 
 *  tilde_test_eval_model : std (default) 
 *  minimal_cases : 2 (default) 
 *  ftest : 0.05 (default) 
 *  tilde_version : 3.0 (default) 
 ************** 
 ** Language:
 **
 ** WARMODE BIAS ** 
 *  warmode_key(cancer(+A,-B)) 
 ** RMODE BIAS ** 
 *  rmode_key(cancer(+A,-B)) 
 *  root(cancer(A,B)) 
 *  rmode(atom(+drug_id,+node_id,-atom_type,-charge)) 
 *  rmode(bond(+drug_id,+node_id_1,+node_id_2,-bond_type)) 
 *  rmode(eq_atomtype(+A,#[1,10,101,102,113,115,120,121,129,134,14,15,16,17,19,191,192,193,2,21,22,232,26,27,29,3,31,32,33,34,35,36,37,38,40,41,42,45,49,499,50,51,52,53,60,61,62,70,72,74,75,76,77,78,79,8,81,83,84,85,87,92,93,94,95,96])) 
 *  rmode(eq_charge(+A,#[a0=_0_0175<x<=0_0615,a0=_0_1355<x<=_0_0175,a0=_inf<x<=_0_1355,a0=0_0615<x<=0_1375,a0=0_1375<x<=+inf])) 
 *  rmode(eq_bondtype(+A,#[1,2,3,7])) 
 *  max_lookahead(3) 
 *  typed_language(yes) 
 *  type(atom(id,node_id,atom_type,charge)) 
 *  type(bond(id,node_id,node_id,bond_type)) 
 *  type(eq_atomtype(atom_type,atom_type)) 
 *  type(eq_charge(charge,charge)) 
 *  type(eq_bondtype(bond_type,bond_type)) 
 *  type(cancer(A,B)) 
 *  type(member(A,B)) 
 *  type(for_int(A,B,C)) 
 ******************** 
 **/

Average discretization time: 0.0
Average induction time: 0.03

Model:
    Complexity: 0.0 nodes, 0.0 literals
    C4.5 error estimate: 124.115852490693, relative: 0.47013580488899
Training:
    Number of examples: 264

    REAL\PRED | pos       neg       
    ----------------------------------------------
    pos       | 146       0         | 146
    neg       | 118       0         | 118
    ----------------------------------------------
              | 264       0         | 264

    Accuracy: 0.553030303030303 (stderr: 0.0305993035027014, default: 0.553030303030303)
    Cramer's coefficient: 0.0
    Class: pos: TP = 1.0, FP = 1.0
Testing:
    No examples available.


Compact notation of tree:

[pos] 264.0 [[pos:146.0,neg:118.0]]

Equivalent prolog program:

cancer(A,[pos]).
% 146.0/264.0=0.553030303030303


