/** -------------------------------------------------
 ** Algorithm:   Tilde
 ** Output type: out
 ** Date:        3/20/2024 19:3:10
 ** ACE version: 1.2.20
 ** Hardware:    67dade7dcba9 : x86_64 running Linux
 ** -------------------------------------------------
 ** Settings:
 **
 ** Common ** 
 *  heuristic : gainratio (default) 
 *  tilde_mode : classify (default) 
 *  intra_literal_sharing : yes (default) 
 *  query_batch_size : default (default) 
 *  single_query_generation : no (default) 
 *  inst_generation_prob : 1.0 (default) 
 *  rmode_inst_generation_prob : 1.0 (default) 
 *  query_sample_probability : 1.0 (default) 
 *  query_sample_algo : smart (default) 
 *  aggregate_refiners : no (default) 
 *  aggregate_recursion : no (default) 
 *  aggregate_maxconjuncts : 2 (default) 
 *  aggregate_lookahead : no (default) 
 *  aggregate_refinement : no (default) 
 *  example_cache : 102400 (default) 
 *  select_root_models : on (default) 
 *  write_predictions : [testing,distribution] 
 *  compatibility : ace1.1 (default) 
 *  max_query_len : inf (default) 
 *  log_pid : off (default) 
 *  nsplit_unsorted_fractions : 0 (default) 
 *  nsplit_sorting : basic (default) 
 *  nsplit_version : basic (default) 
 *  nsplit_talking : off (default) 
 *  discretize : entropy (default) 
 *  transform_queries : once (default) 
 *  output_dir : default (default) 
 *  bg_file : default (default) 
 *  kb_file : default (default) 
 *  randomise : none (default) 
 *  report_timings : off (default) 
 *  default_prefix : off (default) 
 *  default_min : 1 (default) 
 *  default_preprocessing : off (default) 
 *  mi_distance_maxsample : 100 (default) 
 *  language_warnings : on (default) 
 *  expert_implicit_language : off (default) 
 *  granularity : 10 (default) 
 *  leave_out : false (default) 
 *  classes : [pos,neg] 
 *  use_packs : ilp (default) 
 *  outerloop : queries (default) 
 *  talking : 3 (default) 
 *  load : key (default) 
 ** Tilde ** 
 *  combining_rules_EMiters : 10 (default) 
 *  combining_rules_EMruns : 5 (default) 
 *  combining_rules : off (default) 
 *  write_ensemble_models : [] (default) 
 *  tilde_maxdepth : inf (default) 
 *  exhaustive_lookahead : 0 (default) 
 *  query_length_bias : short (default) 
 *  special_min : 0.0 (default) 
 *  out_of_bag : no (default) 
 *  roulette_wheel_selection : no (default) 
 *  tilde_rst_optimization : no (default) 
 *  repeat_exec_time : 1 (default) 
 *  combination_rule : [product,sum] 
 *  show_averages : 1 (default) 
 *  classify_mode : 0 (default) 
 *  complexity_penalty : 1.0 (default) 
 *  precompute : [] (default) 
 *  resume : off (default) 
 *  m_estimate : none (default) 
 *  output_options : [c45,c45c,c45e,lp,prolog] 
 *  prune_rules : false (default) 
 *  confidence_level : 0.25 (default) 
 *  random_test_set : 0 (default) 
 *  random_validation_set : 0 (default) 
 *  stopping_criterion : mincases (default) 
 *  pruning : c45 (default) 
 *  discretization : none (default) 
 *  multiscore_2 : off (default) 
 *  multiscore : off (default) 
 *  sampling_strategy : fixed(1000) (default) 
 *  max_querytime : 100 (default) 
 *  accuracy : 1.0 (default) 
 *  tilde_test_eval_model : std (default) 
 *  minimal_cases : 2 (default) 
 *  ftest : 0.05 (default) 
 *  tilde_version : 3.0 (default) 
 ************** 
 ** Language:
 **
 ** WARMODE BIAS ** 
 *  warmode_key(imdb(+A,+B,-C)) 
 *  warmode(movie(+movie,+-person)) 
 *  warmode(actor(+person)) 
 *  warmode(director(+person)) 
 *  warmode(gender(+person,+-gender)) 
 *  warmode(genre(+person,+-genre)) 
 ** RMODE BIAS ** 
 *  rmode_key(imdb(+A,+B,-C)) 
 *  root(imdb(A,B,C)) 
 *  rmode(inf:movie(+A,+-B)) 
 *  rmode(inf:actor(+A)) 
 *  rmode(inf:director(+A)) 
 *  rmode(inf:gender(+A,+-B)) 
 *  rmode(inf:genre(+A,+-B)) 
 *  max_lookahead(1) 
 *  typed_language(yes) 
 *  type(movie(movie,person)) 
 *  type(actor(person)) 
 *  type(director(person)) 
 *  type(gender(person,gender)) 
 *  type(genre(person,genre)) 
 *  type(imdb(A,B,C)) 
 *  type(member(A,B)) 
 *  type(for_int(A,B,C)) 
 ******************** 
 **/

Average discretization time: 0.0
Average induction time: 0.04

Model:
    Complexity: 1.0 nodes, 1.0 literals
    C4.5 error estimate: 95.5960729730097, relative: 0.477980364865048
Training:
    Number of examples: 200

    REAL\PRED | pos       neg       
    ----------------------------------------------
    pos       | 84        16        | 100
    neg       | 72        28        | 100
    ----------------------------------------------
              | 156       44        | 200

    Accuracy: 0.56 (stderr: 0.0350998575495685, default: 0.5)
    Cramer's coefficient: 0.14484136487558
    Class: pos: TP = 0.84, FP = 0.72
Testing:
    No examples available.


Compact notation of tree:

imdb(-A,-B,-C)
genre(B,-D) ? 
+--yes: [pos] 156.0 [[pos:84.0,neg:72.0]]
+--no:  [neg] 44.0 [[pos:16.0,neg:28.0]]

Equivalent prolog program:

imdb(A,B,[pos]) :- genre(B,C), !.
% 84.0/156.0=0.538461538461538
imdb(A,B,[neg]).
% 28.0/44.0=0.636363636363636


