/** -------------------------------------------------
 ** Algorithm:   Tilde
 ** Output type: out
 ** Date:        5/1/2024 17:22:32
 ** ACE version: 1.2.20
 ** Hardware:    67dade7dcba9 : x86_64 running Linux
 ** -------------------------------------------------
 ** Settings:
 **
 ** Common ** 
 *  heuristic : gainratio (default) 
 *  tilde_mode : classify (default) 
 *  intra_literal_sharing : yes (default) 
 *  query_batch_size : default (default) 
 *  single_query_generation : no (default) 
 *  inst_generation_prob : 1.0 (default) 
 *  rmode_inst_generation_prob : 1.0 (default) 
 *  query_sample_probability : 1.0 (default) 
 *  query_sample_algo : smart (default) 
 *  aggregate_refiners : no (default) 
 *  aggregate_recursion : no (default) 
 *  aggregate_maxconjuncts : 2 (default) 
 *  aggregate_lookahead : no (default) 
 *  aggregate_refinement : no (default) 
 *  example_cache : 102400 (default) 
 *  select_root_models : on (default) 
 *  write_predictions : [testing,distribution] 
 *  compatibility : ace1.1 (default) 
 *  max_query_len : inf (default) 
 *  log_pid : off (default) 
 *  nsplit_unsorted_fractions : 0 (default) 
 *  nsplit_sorting : basic (default) 
 *  nsplit_version : basic (default) 
 *  nsplit_talking : off (default) 
 *  discretize : entropy (default) 
 *  transform_queries : once (default) 
 *  output_dir : default (default) 
 *  bg_file : default (default) 
 *  kb_file : default (default) 
 *  randomise : none (default) 
 *  report_timings : off (default) 
 *  default_prefix : off (default) 
 *  default_min : 1 (default) 
 *  default_preprocessing : off (default) 
 *  mi_distance_maxsample : 100 (default) 
 *  language_warnings : on (default) 
 *  expert_implicit_language : off (default) 
 *  granularity : 10 (default) 
 *  leave_out : false (default) 
 *  classes : [pos,neg] 
 *  use_packs : ilp (default) 
 *  outerloop : queries (default) 
 *  talking : 3 (default) 
 *  load : key (default) 
 ** Tilde ** 
 *  combining_rules_EMiters : 10 (default) 
 *  combining_rules_EMruns : 5 (default) 
 *  combining_rules : off (default) 
 *  write_ensemble_models : [] (default) 
 *  tilde_maxdepth : inf (default) 
 *  exhaustive_lookahead : 0 (default) 
 *  query_length_bias : short (default) 
 *  special_min : 0.0 (default) 
 *  out_of_bag : no (default) 
 *  roulette_wheel_selection : no (default) 
 *  tilde_rst_optimization : no (default) 
 *  repeat_exec_time : 1 (default) 
 *  combination_rule : [product,sum] 
 *  show_averages : 1 (default) 
 *  classify_mode : 0 (default) 
 *  complexity_penalty : 1.0 (default) 
 *  precompute : [] (default) 
 *  resume : off (default) 
 *  m_estimate : none (default) 
 *  output_options : [c45,c45c,c45e,lp,prolog] 
 *  prune_rules : false (default) 
 *  confidence_level : 0.25 (default) 
 *  random_test_set : 0 (default) 
 *  random_validation_set : 0 (default) 
 *  stopping_criterion : mincases (default) 
 *  pruning : c45 (default) 
 *  discretization : none (default) 
 *  multiscore_2 : off (default) 
 *  multiscore : off (default) 
 *  sampling_strategy : fixed(1000) (default) 
 *  max_querytime : 100 (default) 
 *  accuracy : 1.0 (default) 
 *  tilde_test_eval_model : std (default) 
 *  minimal_cases : 2 (default) 
 *  ftest : 0.05 (default) 
 *  tilde_version : 3.0 (default) 
 ************** 
 ** Language:
 **
 ** WARMODE BIAS ** 
 *  warmode_key(sameGen(+A,+B,+C,-D)) 
 *  warmode(parent(+id,+-node_id,+-name)) 
 *  warmode(child(+id,+-node_id,+-name)) 
 *  warmode(person(+id,+-node_id,+-name)) 
 *  warmode(edge(+id,+-node_id,+-node_id)) 
 ** RMODE BIAS ** 
 *  rmode_key(sameGen(+A,+B,+C,-D)) 
 *  root(sameGen(A,B,C,D)) 
 *  rmode(inf:parent(+A,+-B,+-C)) 
 *  rmode(inf:child(+A,+-B,+-C)) 
 *  rmode(inf:person(+A,+-B,+-C)) 
 *  rmode(inf:edge(+A,+-B,+-C)) 
 *  max_lookahead(1) 
 *  typed_language(yes) 
 *  type(parent(id,node_id,name)) 
 *  type(child(id,node_id,name)) 
 *  type(person(id,node_id,name)) 
 *  type(edge(id,node_id,node_id)) 
 *  type(sameGen(A,B,C,D)) 
 *  type(member(A,B)) 
 *  type(for_int(A,B,C)) 
 ******************** 
 **/

Average discretization time: 0.0
Average induction time: 0.21

Model:
    Complexity: 1.0 nodes, 1.0 literals
    C4.5 error estimate: 49.1709061184291, relative: 0.311208266572336
Training:
    Number of examples: 158

    REAL\PRED | pos       neg       
    ----------------------------------------------
    pos       | 40        39        | 79
    neg       | 4         75        | 79
    ----------------------------------------------
              | 44        114       | 158

    Accuracy: 0.727848101265823 (stderr: 0.0354076837428712, default: 0.5)
    Cramer's coefficient: 0.508304245252414
    Class: pos: TP = 0.506329113924051, FP = 0.0506329113924051
Testing:
    No examples available.


Compact notation of tree:

sameGen(-A,-B,-C,-D)
parent(A,-E,-F) ? 
+--yes: [neg] 114.0 [[pos:39.0,neg:75.0]]
+--no:  [pos] 44.0 [[pos:40.0,neg:4.0]]

Equivalent prolog program:

sameGen(A,B,C,[neg]) :- parent(A,D,E), !.
% 75.0/114.0=0.657894736842105
sameGen(A,B,C,[pos]).
% 40.0/44.0=0.909090909090909


