/** -------------------------------------------------
 ** Algorithm:   Tilde
 ** Output type: out
 ** Date:        3/21/2024 23:25:43
 ** ACE version: 1.2.20
 ** Hardware:    67dade7dcba9 : x86_64 running Linux
 ** -------------------------------------------------
 ** Settings:
 **
 ** Common ** 
 *  heuristic : gainratio (default) 
 *  tilde_mode : classify (default) 
 *  intra_literal_sharing : yes (default) 
 *  query_batch_size : default (default) 
 *  single_query_generation : no (default) 
 *  inst_generation_prob : 1.0 (default) 
 *  rmode_inst_generation_prob : 1.0 (default) 
 *  query_sample_probability : 1.0 (default) 
 *  query_sample_algo : smart (default) 
 *  aggregate_refiners : no (default) 
 *  aggregate_recursion : no (default) 
 *  aggregate_maxconjuncts : 2 (default) 
 *  aggregate_lookahead : no (default) 
 *  aggregate_refinement : no (default) 
 *  example_cache : 102400 (default) 
 *  select_root_models : on (default) 
 *  write_predictions : [testing,distribution] 
 *  compatibility : ace1.1 (default) 
 *  max_query_len : inf (default) 
 *  log_pid : off (default) 
 *  nsplit_unsorted_fractions : 0 (default) 
 *  nsplit_sorting : basic (default) 
 *  nsplit_version : basic (default) 
 *  nsplit_talking : off (default) 
 *  discretize : entropy (default) 
 *  transform_queries : once (default) 
 *  output_dir : default (default) 
 *  bg_file : default (default) 
 *  kb_file : default (default) 
 *  randomise : none (default) 
 *  report_timings : off (default) 
 *  default_prefix : off (default) 
 *  default_min : 1 (default) 
 *  default_preprocessing : off (default) 
 *  mi_distance_maxsample : 100 (default) 
 *  language_warnings : on (default) 
 *  expert_implicit_language : off (default) 
 *  granularity : 10 (default) 
 *  leave_out : false (default) 
 *  classes : [pos,neg] 
 *  use_packs : ilp (default) 
 *  outerloop : queries (default) 
 *  talking : 3 (default) 
 *  load : key (default) 
 ** Tilde ** 
 *  combining_rules_EMiters : 10 (default) 
 *  combining_rules_EMruns : 5 (default) 
 *  combining_rules : off (default) 
 *  write_ensemble_models : [] (default) 
 *  tilde_maxdepth : inf (default) 
 *  exhaustive_lookahead : 0 (default) 
 *  query_length_bias : short (default) 
 *  special_min : 0.0 (default) 
 *  out_of_bag : no (default) 
 *  roulette_wheel_selection : no (default) 
 *  tilde_rst_optimization : no (default) 
 *  repeat_exec_time : 1 (default) 
 *  combination_rule : [product,sum] 
 *  show_averages : 1 (default) 
 *  classify_mode : 0 (default) 
 *  complexity_penalty : 1.0 (default) 
 *  precompute : [] (default) 
 *  resume : off (default) 
 *  m_estimate : none (default) 
 *  output_options : [c45,c45c,c45e,lp,prolog] 
 *  prune_rules : false (default) 
 *  confidence_level : 0.25 (default) 
 *  random_test_set : 0 (default) 
 *  random_validation_set : 0 (default) 
 *  stopping_criterion : mincases (default) 
 *  pruning : c45 (default) 
 *  discretization : none (default) 
 *  multiscore_2 : off (default) 
 *  multiscore : off (default) 
 *  sampling_strategy : fixed(1000) (default) 
 *  max_querytime : 100 (default) 
 *  accuracy : 1.0 (default) 
 *  tilde_test_eval_model : std (default) 
 *  minimal_cases : 2 (default) 
 *  ftest : 0.05 (default) 
 *  tilde_version : 3.0 (default) 
 ************** 
 ** Language:
 **
 ** WARMODE BIAS ** 
 *  warmode_key(university(+A,-B,+C)) 
 *  warmode(course(+-course_id,+-diff,+-rating)) 
 *  warmode(prof(+-prof_id,+-teaching,+-pop)) 
 *  warmode(registration(+-student_id,+-course_id,+-grade,+-satis)) 
 *  warmode(ra(+-student_id,+-prof_id,+-sal,+-cap)) 
 ** RMODE BIAS ** 
 *  rmode_key(university(+A,-B,+C)) 
 *  root(university(A,B,C)) 
 *  rmode(inf:course(+-A,+-B,+-C)) 
 *  rmode(inf:prof(+-A,+-B,+-C)) 
 *  rmode(inf:registration(+-A,+-B,+-C,+-D)) 
 *  rmode(inf:ra(+-A,+-B,+-C,+-D)) 
 *  max_lookahead(1) 
 *  typed_language(yes) 
 *  type(course(course_id,diff,rating)) 
 *  type(prof(prof_id,teaching,pop)) 
 *  type(registration(student_id,course_id,grade,satis)) 
 *  type(ra(student_id,prof_id,sal,cap)) 
 *  type(university(A,B,C)) 
 *  type(member(A,B)) 
 *  type(for_int(A,B,C)) 
 ******************** 
 **/

Average discretization time: 0.0
Average induction time: 0.04

Model:
    Complexity: 1.0 nodes, 1.0 literals
    C4.5 error estimate: 3.80866500794465, relative: 0.141061666960913
Training:
    Number of examples: 27

    REAL\PRED | pos       neg       
    ----------------------------------------------
    pos       | 12        1         | 13
    neg       | 0         14        | 14
    ----------------------------------------------
              | 12        15        | 27

    Accuracy: 0.962962962962963 (stderr: 0.0363446949231599, default: 0.518518518518518)
    Cramer's coefficient: 0.928190961784514
    Class: pos: TP = 0.923076923076923, FP = 0.0
Testing:
    No examples available.


Compact notation of tree:

university(-A,-B,-C)
course(C,-D,-E) ? 
+--yes: [neg] 15.0 [[pos:1.0,neg:14.0]]
+--no:  [pos] 12.0 [[pos:12.0,neg:0.0]]

Equivalent prolog program:

university(A,[neg],[neg]) :- course(B,C,D), !.
% 14.0/15.0=0.933333333333333
university(A,[pos],[pos]).
% 12.0/12.0=1.0


