/** -------------------------------------------------
 ** Algorithm:   Tilde
 ** Output type: out
 ** Date:        4/5/2024 18:17:4
 ** ACE version: 1.2.20
 ** Hardware:    67dade7dcba9 : x86_64 running Linux
 ** -------------------------------------------------
 ** Settings:
 **
 ** Common ** 
 *  heuristic : gainratio (default) 
 *  tilde_mode : classify (default) 
 *  intra_literal_sharing : yes (default) 
 *  query_batch_size : default (default) 
 *  single_query_generation : no (default) 
 *  inst_generation_prob : 1.0 (default) 
 *  rmode_inst_generation_prob : 1.0 (default) 
 *  query_sample_probability : 1.0 (default) 
 *  query_sample_algo : smart (default) 
 *  aggregate_refiners : no (default) 
 *  aggregate_recursion : no (default) 
 *  aggregate_maxconjuncts : 2 (default) 
 *  aggregate_lookahead : no (default) 
 *  aggregate_refinement : no (default) 
 *  example_cache : 102400 (default) 
 *  select_root_models : on (default) 
 *  write_predictions : [testing,distribution] 
 *  compatibility : ace1.1 (default) 
 *  max_query_len : inf (default) 
 *  log_pid : off (default) 
 *  nsplit_unsorted_fractions : 0 (default) 
 *  nsplit_sorting : basic (default) 
 *  nsplit_version : basic (default) 
 *  nsplit_talking : off (default) 
 *  discretize : entropy (default) 
 *  transform_queries : once (default) 
 *  output_dir : default (default) 
 *  bg_file : default (default) 
 *  kb_file : default (default) 
 *  randomise : none (default) 
 *  report_timings : off (default) 
 *  default_prefix : off (default) 
 *  default_min : 1 (default) 
 *  default_preprocessing : off (default) 
 *  mi_distance_maxsample : 100 (default) 
 *  language_warnings : on (default) 
 *  expert_implicit_language : off (default) 
 *  granularity : 10 (default) 
 *  leave_out : false (default) 
 *  classes : [pos,neg] 
 *  use_packs : ilp (default) 
 *  outerloop : queries (default) 
 *  talking : 3 (default) 
 *  load : key (default) 
 ** Tilde ** 
 *  combining_rules_EMiters : 10 (default) 
 *  combining_rules_EMruns : 5 (default) 
 *  combining_rules : off (default) 
 *  write_ensemble_models : [] (default) 
 *  tilde_maxdepth : inf (default) 
 *  exhaustive_lookahead : 0 (default) 
 *  query_length_bias : short (default) 
 *  special_min : 0.0 (default) 
 *  out_of_bag : no (default) 
 *  roulette_wheel_selection : no (default) 
 *  tilde_rst_optimization : no (default) 
 *  repeat_exec_time : 1 (default) 
 *  combination_rule : [product,sum] 
 *  show_averages : 1 (default) 
 *  classify_mode : 0 (default) 
 *  complexity_penalty : 1.0 (default) 
 *  precompute : [] (default) 
 *  resume : off (default) 
 *  m_estimate : none (default) 
 *  output_options : [c45,c45c,c45e,lp,prolog] 
 *  prune_rules : false (default) 
 *  confidence_level : 0.25 (default) 
 *  random_test_set : 0 (default) 
 *  random_validation_set : 0 (default) 
 *  stopping_criterion : mincases (default) 
 *  pruning : c45 (default) 
 *  discretization : none (default) 
 *  multiscore_2 : off (default) 
 *  multiscore : off (default) 
 *  sampling_strategy : fixed(1000) (default) 
 *  max_querytime : 100 (default) 
 *  accuracy : 1.0 (default) 
 *  tilde_test_eval_model : std (default) 
 *  minimal_cases : 2 (default) 
 *  ftest : 0.05 (default) 
 *  tilde_version : 3.0 (default) 
 ************** 
 ** Language:
 **
 ** WARMODE BIAS ** 
 *  warmode_key(university(+A,-B)) 
 *  warmode(students(+id,+-node_id,+-ranking)) 
 *  warmode(course(+id,+-course_id,+-diff,+-rating)) 
 *  warmode(professor(+id,+-prof_id,+-teaching,+-pop)) 
 *  warmode(registered(+id,+-node_id,+-course_id,+-grade,+-satis)) 
 *  warmode(ra(+id,+-node_id,+-prof_id,+-sal,+-cap)) 
 ** RMODE BIAS ** 
 *  rmode_key(university(+A,-B)) 
 *  root(university(A,B)) 
 *  rmode(inf:students(+A,+-B,+-C)) 
 *  rmode(inf:course(+A,+-B,+-C,+-D)) 
 *  rmode(inf:professor(+A,+-B,+-C,+-D)) 
 *  rmode(inf:registered(+A,+-B,+-C,+-D,+-E)) 
 *  rmode(inf:ra(+A,+-B,+-C,+-D,+-E)) 
 *  max_lookahead(1) 
 *  typed_language(yes) 
 *  type(students(id,node_id,ranking)) 
 *  type(course(id,course_id,diff,rating)) 
 *  type(professor(id,prof_id,teaching,pop)) 
 *  type(registered(id,node_id,course_id,grade,satis)) 
 *  type(ra(id,node_id,prof_id,sal,cap)) 
 *  type(university(A,B)) 
 *  type(member(A,B)) 
 *  type(for_int(A,B,C)) 
 ******************** 
 **/

Average discretization time: 0.0
Average induction time: 0.03

Model:
    Complexity: 1.0 nodes, 1.0 literals
    C4.5 error estimate: 7.03322795493923, relative: 0.334915616901868
Training:
    Number of examples: 21

    REAL\PRED | pos       neg       
    ----------------------------------------------
    pos       | 10        0         | 10
    neg       | 4         7         | 11
    ----------------------------------------------
              | 14        7         | 21

    Accuracy: 0.80952380952381 (stderr: 0.0856890867468988, default: 0.523809523809524)
    Cramer's coefficient: 0.674199862463242
    Class: pos: TP = 1.0, FP = 0.363636363636364
Testing:
    No examples available.


Compact notation of tree:

university(-A,-B)
professor(A,-C,-D,-E) ? 
+--yes: [pos] 14.0 [[pos:10.0,neg:4.0]]
+--no:  [neg] 7.0 [[pos:0.0,neg:7.0]]

Equivalent prolog program:

university(A,[pos]) :- professor(A,B,C,D), !.
% 10.0/14.0=0.714285714285714
university(A,[neg]).
% 7.0/7.0=1.0


