/** -------------------------------------------------
 ** Algorithm:   Tilde
 ** Output type: out
 ** Date:        5/3/2024 22:21:0
 ** ACE version: 1.2.20
 ** Hardware:    67dade7dcba9 : x86_64 running Linux
 ** -------------------------------------------------
 ** Settings:
 **
 ** Common ** 
 *  heuristic : gainratio (default) 
 *  tilde_mode : classify (default) 
 *  intra_literal_sharing : yes (default) 
 *  query_batch_size : default (default) 
 *  single_query_generation : no (default) 
 *  inst_generation_prob : 1.0 (default) 
 *  rmode_inst_generation_prob : 1.0 (default) 
 *  query_sample_probability : 1.0 (default) 
 *  query_sample_algo : smart (default) 
 *  aggregate_refiners : no (default) 
 *  aggregate_recursion : no (default) 
 *  aggregate_maxconjuncts : 2 (default) 
 *  aggregate_lookahead : no (default) 
 *  aggregate_refinement : no (default) 
 *  example_cache : 102400 (default) 
 *  select_root_models : on (default) 
 *  write_predictions : [testing,distribution] 
 *  compatibility : ace1.1 (default) 
 *  max_query_len : inf (default) 
 *  log_pid : off (default) 
 *  nsplit_unsorted_fractions : 0 (default) 
 *  nsplit_sorting : basic (default) 
 *  nsplit_version : basic (default) 
 *  nsplit_talking : off (default) 
 *  discretize : entropy (default) 
 *  transform_queries : once (default) 
 *  output_dir : default (default) 
 *  bg_file : default (default) 
 *  kb_file : default (default) 
 *  randomise : none (default) 
 *  report_timings : off (default) 
 *  default_prefix : off (default) 
 *  default_min : 1 (default) 
 *  default_preprocessing : off (default) 
 *  mi_distance_maxsample : 100 (default) 
 *  language_warnings : on (default) 
 *  expert_implicit_language : off (default) 
 *  granularity : 10 (default) 
 *  leave_out : false (default) 
 *  classes : [pos,neg] 
 *  use_packs : ilp (default) 
 *  outerloop : queries (default) 
 *  talking : 3 (default) 
 *  load : key (default) 
 ** Tilde ** 
 *  combining_rules_EMiters : 10 (default) 
 *  combining_rules_EMruns : 5 (default) 
 *  combining_rules : off (default) 
 *  write_ensemble_models : [] (default) 
 *  tilde_maxdepth : inf (default) 
 *  exhaustive_lookahead : 0 (default) 
 *  query_length_bias : short (default) 
 *  special_min : 0.0 (default) 
 *  out_of_bag : no (default) 
 *  roulette_wheel_selection : no (default) 
 *  tilde_rst_optimization : no (default) 
 *  repeat_exec_time : 1 (default) 
 *  combination_rule : [product,sum] 
 *  show_averages : 1 (default) 
 *  classify_mode : 0 (default) 
 *  complexity_penalty : 1.0 (default) 
 *  precompute : [] (default) 
 *  resume : off (default) 
 *  m_estimate : none (default) 
 *  output_options : [c45,c45c,c45e,lp,prolog] 
 *  prune_rules : false (default) 
 *  confidence_level : 0.25 (default) 
 *  random_test_set : 0 (default) 
 *  random_validation_set : 0 (default) 
 *  stopping_criterion : mincases (default) 
 *  pruning : c45 (default) 
 *  discretization : none (default) 
 *  multiscore_2 : off (default) 
 *  multiscore : off (default) 
 *  sampling_strategy : fixed(1000) (default) 
 *  max_querytime : 100 (default) 
 *  accuracy : 1.0 (default) 
 *  tilde_test_eval_model : std (default) 
 *  minimal_cases : 2 (default) 
 *  ftest : 0.05 (default) 
 *  tilde_version : 3.0 (default) 
 ************** 
 ** Language:
 **
 ** WARMODE BIAS ** 
 *  warmode_key(cyclic(+A,-B)) 
 *  warmode(edge(+id,-id)) 
 *  warmode(node(+id,+-color)) 
 *  warmode(green(+color)) 
 *  warmode(red(+color)) 
 ** RMODE BIAS ** 
 *  rmode_key(cyclic(+A,-B)) 
 *  root(cyclic(A,B)) 
 *  rmode(inf:edge(+A,-B)) 
 *  rmode(inf:node(+A,+-B)) 
 *  rmode(inf:green(+A)) 
 *  rmode(inf:red(+A)) 
 *  max_lookahead(1) 
 *  typed_language(yes) 
 *  type(edge(id,id)) 
 *  type(node(id,color)) 
 *  type(green(color)) 
 *  type(red(color)) 
 *  type(cyclic(A,B)) 
 *  type(member(A,B)) 
 *  type(for_int(A,B,C)) 
 ******************** 
 **/

Average discretization time: 0.0
Average induction time: 0.39

Model:
    Complexity: 5.0 nodes, 9.0 literals
    C4.5 error estimate: 11.1557796051341, relative: 0.0612954923359016
Training:
    Number of examples: 182

    REAL\PRED | pos       neg       
    ----------------------------------------------
    pos       | 91        0         | 91
    neg       | 3         88        | 91
    ----------------------------------------------
              | 94        88        | 182

    Accuracy: 0.983516483516483 (stderr: 0.00943800190946976, default: 0.5)
    Cramer's coefficient: 0.967558893693793
    Class: pos: TP = 1.0, FP = 0.032967032967033
Testing:
    No examples available.


Compact notation of tree:

cyclic(-A,-B)
edge(A,-C),edge(C,-D) ? 
+--yes: edge(D,-E),edge(E,-F) ? 
|       +--yes: node(E,-G),node(A,G) ? 
|       |       +--yes: edge(F,-H) ? 
|       |       |       +--yes: node(F,-I),node(C,I) ? 
|       |       |       |       +--yes: [pos] 94.0 [[pos:91.0,neg:3.0]]
|       |       |       |       +--no:  [neg] 2.0 [[pos:0.0,neg:2.0]]
|       |       |       +--no:  [neg] 4.0 [[pos:0.0,neg:4.0]]
|       |       +--no:  [neg] 8.0 [[pos:0.0,neg:8.0]]
|       +--no:  [neg] 18.0 [[pos:0.0,neg:18.0]]
+--no:  [neg] 56.0 [[pos:0.0,neg:56.0]]

Equivalent prolog program:

cyclic(A,[pos]) :- edge(A,B),edge(B,C),edge(C,D),edge(D,E),node(D,F),node(A,F),edge(E,G),node(E,H),node(B,H), !.
% 91.0/94.0=0.968085106382979
cyclic(A,[neg]) :- edge(A,B),edge(B,C),edge(C,D),edge(D,E),node(D,F),node(A,F),edge(E,G), !.
% 2.0/2.0=1.0
cyclic(A,[neg]) :- edge(A,B),edge(B,C),edge(C,D),edge(D,E),node(D,F),node(A,F), !.
% 4.0/4.0=1.0
cyclic(A,[neg]) :- edge(A,B),edge(B,C),edge(C,D),edge(D,E), !.
% 8.0/8.0=1.0
cyclic(A,[neg]) :- edge(A,B),edge(B,C), !.
% 18.0/18.0=1.0
cyclic(A,[neg]).
% 56.0/56.0=1.0


