/** -------------------------------------------------
 ** Algorithm:   Tilde
 ** Output type: out
 ** Date:        3/20/2024 18:14:43
 ** ACE version: 1.2.20
 ** Hardware:    67dade7dcba9 : x86_64 running Linux
 ** -------------------------------------------------
 ** Settings:
 **
 ** Common ** 
 *  heuristic : gainratio (default) 
 *  tilde_mode : classify (default) 
 *  intra_literal_sharing : yes (default) 
 *  query_batch_size : default (default) 
 *  single_query_generation : no (default) 
 *  inst_generation_prob : 1.0 (default) 
 *  rmode_inst_generation_prob : 1.0 (default) 
 *  query_sample_probability : 1.0 (default) 
 *  query_sample_algo : smart (default) 
 *  aggregate_refiners : no (default) 
 *  aggregate_recursion : no (default) 
 *  aggregate_maxconjuncts : 2 (default) 
 *  aggregate_lookahead : no (default) 
 *  aggregate_refinement : no (default) 
 *  example_cache : 102400 (default) 
 *  select_root_models : on (default) 
 *  write_predictions : [testing,distribution] 
 *  compatibility : ace1.1 (default) 
 *  max_query_len : inf (default) 
 *  log_pid : off (default) 
 *  nsplit_unsorted_fractions : 0 (default) 
 *  nsplit_sorting : basic (default) 
 *  nsplit_version : basic (default) 
 *  nsplit_talking : off (default) 
 *  discretize : entropy (default) 
 *  transform_queries : once (default) 
 *  output_dir : default (default) 
 *  bg_file : default (default) 
 *  kb_file : default (default) 
 *  randomise : none (default) 
 *  report_timings : off (default) 
 *  default_prefix : off (default) 
 *  default_min : 1 (default) 
 *  default_preprocessing : off (default) 
 *  mi_distance_maxsample : 100 (default) 
 *  language_warnings : on (default) 
 *  expert_implicit_language : off (default) 
 *  granularity : 10 (default) 
 *  leave_out : false (default) 
 *  classes : [pos,neg] 
 *  use_packs : ilp (default) 
 *  outerloop : queries (default) 
 *  talking : 3 (default) 
 *  load : key (default) 
 ** Tilde ** 
 *  combining_rules_EMiters : 10 (default) 
 *  combining_rules_EMruns : 5 (default) 
 *  combining_rules : off (default) 
 *  write_ensemble_models : [] (default) 
 *  tilde_maxdepth : inf (default) 
 *  exhaustive_lookahead : 0 (default) 
 *  query_length_bias : short (default) 
 *  special_min : 0.0 (default) 
 *  out_of_bag : no (default) 
 *  roulette_wheel_selection : no (default) 
 *  tilde_rst_optimization : no (default) 
 *  repeat_exec_time : 1 (default) 
 *  combination_rule : [product,sum] 
 *  show_averages : 1 (default) 
 *  classify_mode : 0 (default) 
 *  complexity_penalty : 1.0 (default) 
 *  precompute : [] (default) 
 *  resume : off (default) 
 *  m_estimate : none (default) 
 *  output_options : [c45,c45c,c45e,lp,prolog] 
 *  prune_rules : false (default) 
 *  confidence_level : 0.25 (default) 
 *  random_test_set : 0 (default) 
 *  random_validation_set : 0 (default) 
 *  stopping_criterion : mincases (default) 
 *  pruning : c45 (default) 
 *  discretization : none (default) 
 *  multiscore_2 : off (default) 
 *  multiscore : off (default) 
 *  sampling_strategy : fixed(1000) (default) 
 *  max_querytime : 100 (default) 
 *  accuracy : 1.0 (default) 
 *  tilde_test_eval_model : std (default) 
 *  minimal_cases : 2 (default) 
 *  ftest : 0.05 (default) 
 *  tilde_version : 3.0 (default) 
 ************** 
 ** Language:
 **
 ** WARMODE BIAS ** 
 *  warmode_key(cora(+A,-B)) 
 *  warmode(content(+paper_id,+-word_cited_id)) 
 *  warmode(cites(+-paper_id,+-paper_id)) 
 ** RMODE BIAS ** 
 *  rmode_key(cora(+A,-B)) 
 *  root(cora(A,B)) 
 *  rmode(inf:content(+A,+-B)) 
 *  rmode(inf:cites(+-A,+-B)) 
 *  max_lookahead(1) 
 *  typed_language(yes) 
 *  type(content(paper_id,word_cited_id)) 
 *  type(cites(paper_id,paper_id)) 
 *  type(cora(A,B)) 
 *  type(member(A,B)) 
 *  type(for_int(A,B,C)) 
 ******************** 
 **/

Average discretization time: 0.0
Average induction time: 0.1

Model:
    Complexity: 4.0 nodes, 4.0 literals
    C4.5 error estimate: 83.2125644932336, relative: 0.416062822466168
Training:
    Number of examples: 200

    REAL\PRED | pos       neg       
    ----------------------------------------------
    pos       | 40        60        | 100
    neg       | 11        89        | 100
    ----------------------------------------------
              | 51        149       | 200

    Accuracy: 0.645 (stderr: 0.0338360015368246, default: 0.5)
    Cramer's coefficient: 0.332674701325821
    Class: pos: TP = 0.4, FP = 0.11
Testing:
    No examples available.


Compact notation of tree:

cora(-A,-B)
cites(A,A) ? 
+--yes: [neg] 6.0 [[pos:2.0,neg:4.0]]
+--no:  cites(A,-C) ? 
        +--yes: [pos] 20.0 [[pos:14.0,neg:6.0]]
        +--no:  cites(-D,A) ? 
                +--yes: content(D,-E) ? 
                |       +--yes: [pos] 31.0 [[pos:26.0,neg:5.0]]
                |       +--no:  [neg] 96.0 [[pos:41.0,neg:55.0]]
                +--no:  [neg] 47.0 [[pos:17.0,neg:30.0]]

Equivalent prolog program:

cora(A,[neg]) :- cites(A,A), !.
% 4.0/6.0=0.666666666666667
cora(A,[pos]) :- cites(A,B), !.
% 14.0/20.0=0.7
cora(A,[pos]) :- cites(B,A),content(B,C), !.
% 26.0/31.0=0.838709677419355
cora(A,[neg]) :- cites(B,A), !.
% 55.0/96.0=0.572916666666667
cora(A,[neg]).
% 30.0/47.0=0.638297872340426


