/** -------------------------------------------------
 ** Algorithm:   Tilde
 ** Output type: out
 ** Date:        5/1/2024 22:38:23
 ** ACE version: 1.2.20
 ** Hardware:    67dade7dcba9 : x86_64 running Linux
 ** -------------------------------------------------
 ** Settings:
 **
 ** Common ** 
 *  heuristic : gainratio (default) 
 *  tilde_mode : classify (default) 
 *  intra_literal_sharing : yes (default) 
 *  query_batch_size : 50000 
 *  single_query_generation : no (default) 
 *  inst_generation_prob : 1.0 (default) 
 *  rmode_inst_generation_prob : 1.0 (default) 
 *  query_sample_probability : 1.0 (default) 
 *  query_sample_algo : smart (default) 
 *  aggregate_refiners : no (default) 
 *  aggregate_recursion : no (default) 
 *  aggregate_maxconjuncts : 2 (default) 
 *  aggregate_lookahead : no (default) 
 *  aggregate_refinement : no (default) 
 *  example_cache : 102400 (default) 
 *  select_root_models : on (default) 
 *  write_predictions : [testing,distribution] 
 *  compatibility : ace1.1 (default) 
 *  max_query_len : inf (default) 
 *  log_pid : off (default) 
 *  nsplit_unsorted_fractions : 0 (default) 
 *  nsplit_sorting : basic (default) 
 *  nsplit_version : basic (default) 
 *  nsplit_talking : off (default) 
 *  discretize : entropy (default) 
 *  transform_queries : once (default) 
 *  output_dir : default (default) 
 *  bg_file : default (default) 
 *  kb_file : default (default) 
 *  randomise : none (default) 
 *  report_timings : off (default) 
 *  default_prefix : off (default) 
 *  default_min : 1 (default) 
 *  default_preprocessing : off (default) 
 *  mi_distance_maxsample : 100 (default) 
 *  language_warnings : on (default) 
 *  expert_implicit_language : off (default) 
 *  granularity : 10 (default) 
 *  leave_out : false (default) 
 *  classes : [pos,neg] 
 *  use_packs : ilp (default) 
 *  outerloop : queries (default) 
 *  talking : 3 (default) 
 *  load : key (default) 
 ** Tilde ** 
 *  combining_rules_EMiters : 10 (default) 
 *  combining_rules_EMruns : 5 (default) 
 *  combining_rules : off (default) 
 *  write_ensemble_models : [] (default) 
 *  tilde_maxdepth : inf (default) 
 *  exhaustive_lookahead : 1 
 *  query_length_bias : short (default) 
 *  special_min : 0.0 (default) 
 *  out_of_bag : no (default) 
 *  roulette_wheel_selection : no (default) 
 *  tilde_rst_optimization : no (default) 
 *  repeat_exec_time : 1 (default) 
 *  combination_rule : [product,sum] 
 *  show_averages : 1 (default) 
 *  classify_mode : 0 (default) 
 *  complexity_penalty : 1.0 (default) 
 *  precompute : [] (default) 
 *  resume : off (default) 
 *  m_estimate : none (default) 
 *  output_options : [c45,c45c,c45e,lp,prolog] 
 *  prune_rules : false (default) 
 *  confidence_level : 0.25 (default) 
 *  random_test_set : 0 (default) 
 *  random_validation_set : 0 (default) 
 *  stopping_criterion : mincases (default) 
 *  pruning : c45 (default) 
 *  discretization : none (default) 
 *  multiscore_2 : off (default) 
 *  multiscore : off (default) 
 *  sampling_strategy : fixed(1000) (default) 
 *  max_querytime : 100 (default) 
 *  accuracy : 1.0 (default) 
 *  tilde_test_eval_model : std (default) 
 *  minimal_cases : 2 (default) 
 *  ftest : 0.05 (default) 
 *  tilde_version : 3.0 (default) 
 ************** 
 ** Language:
 **
 ** WARMODE BIAS ** 
 *  warmode_key(nci(+id,-A)) 
 ** RMODE BIAS ** 
 *  rmode_key(nci(+A,-B)) 
 *  root(nci(A,B)) 
 *  rmode(atom(+id,+node_id,-atom_type)) 
 *  rmode(bond(+id,+-node_id_1,+-node_id_2,-bond_type)) 
 *  rmode(eq_atom(+A,#[o,n,c,s,cl,p,f,na,sn,pt,ni,zn,mn,br,y,nd,ti,eu,cu,tl,zr,hf,in,ga,k,si,i])) 
 *  rmode(eq_bond(+A,#[1,2,3])) 
 *  rmode(connected(+id,+node_id_1,+node_id_2)) 
 *  max_lookahead(1) 
 *  typed_language(yes) 
 *  type(nci(id,class)) 
 *  type(atom(id,node_id,atom_type)) 
 *  type(bond(id,node_id,node_id,bond_type)) 
 *  type(eq_atom(atom_type,atom_type)) 
 *  type(eq_bond(bond_type,bond_type)) 
 *  type(connected(id,node_id,node_id)) 
 *  type(member(A,B)) 
 *  type(for_int(A,B,C)) 
 ******************** 
 **/

Average discretization time: 0.0
Average induction time: 0.02

Model:
    Complexity: 0.0 nodes, 0.0 literals
    C4.5 error estimate: 96.1636416960435, relative: 0.528371657670569
Training:
    Number of examples: 182

    REAL\PRED | pos       neg       
    ----------------------------------------------
    pos       | 0         91        | 91
    neg       | 0         91        | 91
    ----------------------------------------------
              | 0         182       | 182

    Accuracy: 0.5 (stderr: 0.0370624658330551, default: 0.5)
    Cramer's coefficient: 0.0
    Class: pos: TP = 0.0, FP = 0.0
Testing:
    No examples available.


Compact notation of tree:

[neg] 182.0 [[pos:91.0,neg:91.0]]

Equivalent prolog program:

nci(A,[neg]).
% 91.0/182.0=0.5


