/** -------------------------------------------------
 ** Algorithm:   Tilde
 ** Output type: out
 ** Date:        5/1/2024 17:22:37
 ** ACE version: 1.2.20
 ** Hardware:    67dade7dcba9 : x86_64 running Linux
 ** -------------------------------------------------
 ** Settings:
 **
 ** Common ** 
 *  heuristic : gainratio (default) 
 *  tilde_mode : classify (default) 
 *  intra_literal_sharing : yes (default) 
 *  query_batch_size : default (default) 
 *  single_query_generation : no (default) 
 *  inst_generation_prob : 1.0 (default) 
 *  rmode_inst_generation_prob : 1.0 (default) 
 *  query_sample_probability : 1.0 (default) 
 *  query_sample_algo : smart (default) 
 *  aggregate_refiners : no (default) 
 *  aggregate_recursion : no (default) 
 *  aggregate_maxconjuncts : 2 (default) 
 *  aggregate_lookahead : no (default) 
 *  aggregate_refinement : no (default) 
 *  example_cache : 102400 (default) 
 *  select_root_models : on (default) 
 *  write_predictions : [testing,distribution] 
 *  compatibility : ace1.1 (default) 
 *  max_query_len : inf (default) 
 *  log_pid : off (default) 
 *  nsplit_unsorted_fractions : 0 (default) 
 *  nsplit_sorting : basic (default) 
 *  nsplit_version : basic (default) 
 *  nsplit_talking : off (default) 
 *  discretize : entropy (default) 
 *  transform_queries : once (default) 
 *  output_dir : default (default) 
 *  bg_file : default (default) 
 *  kb_file : default (default) 
 *  randomise : none (default) 
 *  report_timings : off (default) 
 *  default_prefix : off (default) 
 *  default_min : 1 (default) 
 *  default_preprocessing : off (default) 
 *  mi_distance_maxsample : 100 (default) 
 *  language_warnings : on (default) 
 *  expert_implicit_language : off (default) 
 *  granularity : 10 (default) 
 *  leave_out : false (default) 
 *  classes : [pos,neg] 
 *  use_packs : ilp (default) 
 *  outerloop : queries (default) 
 *  talking : 3 (default) 
 *  load : key (default) 
 ** Tilde ** 
 *  combining_rules_EMiters : 10 (default) 
 *  combining_rules_EMruns : 5 (default) 
 *  combining_rules : off (default) 
 *  write_ensemble_models : [] (default) 
 *  tilde_maxdepth : inf (default) 
 *  exhaustive_lookahead : 0 (default) 
 *  query_length_bias : short (default) 
 *  special_min : 0.0 (default) 
 *  out_of_bag : no (default) 
 *  roulette_wheel_selection : no (default) 
 *  tilde_rst_optimization : no (default) 
 *  repeat_exec_time : 1 (default) 
 *  combination_rule : [product,sum] 
 *  show_averages : 1 (default) 
 *  classify_mode : 0 (default) 
 *  complexity_penalty : 1.0 (default) 
 *  precompute : [] (default) 
 *  resume : off (default) 
 *  m_estimate : none (default) 
 *  output_options : [c45,c45c,c45e,lp,prolog] 
 *  prune_rules : false (default) 
 *  confidence_level : 0.25 (default) 
 *  random_test_set : 0 (default) 
 *  random_validation_set : 0 (default) 
 *  stopping_criterion : mincases (default) 
 *  pruning : c45 (default) 
 *  discretization : none (default) 
 *  multiscore_2 : off (default) 
 *  multiscore : off (default) 
 *  sampling_strategy : fixed(1000) (default) 
 *  max_querytime : 100 (default) 
 *  accuracy : 1.0 (default) 
 *  tilde_test_eval_model : std (default) 
 *  minimal_cases : 2 (default) 
 *  ftest : 0.05 (default) 
 *  tilde_version : 3.0 (default) 
 ************** 
 ** Language:
 **
 ** WARMODE BIAS ** 
 *  warmode_key(sameGen(+A,+B,+C,-D)) 
 *  warmode(person(+puzzle,-name)) 
 *  warmode(parent(+puzzle,-name,-name)) 
 *  warmode(same_gen(+puzzle,-name,-name)) 
 ** RMODE BIAS ** 
 *  rmode_key(sameGen(+A,+B,+C,-D)) 
 *  root(sameGen(A,B,C,D)) 
 *  rmode(inf:person(+A,-B)) 
 *  rmode(inf:parent(+A,-B,-C)) 
 *  rmode(inf:same_gen(+A,-B,-C)) 
 *  max_lookahead(1) 
 *  typed_language(yes) 
 *  type(person(puzzle,name)) 
 *  type(parent(puzzle,name,name)) 
 *  type(same_gen(puzzle,name,name)) 
 *  type(sameGen(A,B,C,D)) 
 *  type(member(A,B)) 
 *  type(for_int(A,B,C)) 
 ******************** 
 **/

Average discretization time: 0.0
Average induction time: 0.05

Model:
    Complexity: 1.0 nodes, 1.0 literals
    C4.5 error estimate: 77.0133011090686, relative: 0.48742595638651
Training:
    Number of examples: 158

    REAL\PRED | pos       neg       
    ----------------------------------------------
    pos       | 79        0         | 79
    neg       | 71        8         | 79
    ----------------------------------------------
              | 150       8         | 158

    Accuracy: 0.550632911392405 (stderr: 0.0395733822673208, default: 0.5)
    Cramer's coefficient: 0.23094010767585
    Class: pos: TP = 1.0, FP = 0.89873417721519
Testing:
    No examples available.


Compact notation of tree:

sameGen(-A,-B,-C,-D)
same_gen(A,-E,-F) ? 
+--yes: [pos] 150.0 [[pos:79.0,neg:71.0]]
+--no:  [neg] 8.0 [[pos:0.0,neg:8.0]]

Equivalent prolog program:

sameGen(A,B,C,[pos]) :- same_gen(A,D,E), !.
% 79.0/150.0=0.526666666666667
sameGen(A,B,C,[neg]).
% 8.0/8.0=1.0


